2023-04-08 17:57:52 INFO [com.example.yin.YinMusicApplication]: Starting YinMusicApplication using Java 19.0.1 on DESKTOP-C59B60P with PID 11640 (C:\Users\94447\Desktop\music-website-master\music-server\target\classes started by 94447 in C:\Users\94447\Desktop\music-website-master)
2023-04-08 17:57:52 INFO [com.example.yin.YinMusicApplication]: The following profiles are active: dev
2023-04-08 17:57:52 INFO [org.springframework.boot.devtools.env.DevToolsPropertyDefaultsPostProcessor]: Devtools property defaults active! Set 'spring.devtools.add-properties' to 'false' to disable
2023-04-08 17:57:52 INFO [org.springframework.boot.devtools.env.DevToolsPropertyDefaultsPostProcessor]: For additional web related logging consider setting the 'logging.level.web' property to 'DEBUG'
2023-04-08 17:57:54 INFO [org.springframework.data.repository.config.RepositoryConfigurationDelegate]: Multiple Spring Data modules found, entering strict repository configuration mode!
2023-04-08 17:57:54 INFO [org.springframework.data.repository.config.RepositoryConfigurationDelegate]: Bootstrapping Spring Data Redis repositories in DEFAULT mode.
2023-04-08 17:57:54 INFO [org.springframework.data.repository.config.RepositoryConfigurationDelegate]: Finished Spring Data repository scanning in 22 ms. Found 0 Redis repository interfaces.
2023-04-08 17:57:55 INFO [org.springframework.boot.web.embedded.tomcat.TomcatWebServer]: Tomcat initialized with port(s): 8888 (http)
2023-04-08 17:57:55 INFO [org.springframework.boot.web.servlet.context.ServletWebServerApplicationContext]: Root WebApplicationContext: initialization completed in 2432 ms
2023-04-08 17:57:56 INFO [org.springframework.boot.devtools.autoconfigure.OptionalLiveReloadServer]: LiveReload server is running on port 35729
2023-04-08 17:57:56 INFO [org.springframework.boot.web.embedded.tomcat.TomcatWebServer]: Tomcat started on port(s): 8888 (http) with context path ''
2023-04-08 17:57:56 INFO [com.example.yin.YinMusicApplication]: Started YinMusicApplication in 3.713 seconds (JVM running for 5.727)
2023-04-08 17:58:59 INFO [com.example.yin.YinMusicApplication]: Starting YinMusicApplication using Java 19.0.1 on DESKTOP-C59B60P with PID 3492 (C:\Users\94447\Desktop\music-website-master\music-server\target\classes started by 94447 in C:\Users\94447\Desktop\music-website-master)
2023-04-08 17:58:59 INFO [com.example.yin.YinMusicApplication]: The following profiles are active: dev
2023-04-08 17:58:59 INFO [org.springframework.boot.devtools.env.DevToolsPropertyDefaultsPostProcessor]: Devtools property defaults active! Set 'spring.devtools.add-properties' to 'false' to disable
2023-04-08 17:58:59 INFO [org.springframework.boot.devtools.env.DevToolsPropertyDefaultsPostProcessor]: For additional web related logging consider setting the 'logging.level.web' property to 'DEBUG'
2023-04-08 17:58:59 INFO [org.springframework.data.repository.config.RepositoryConfigurationDelegate]: Multiple Spring Data modules found, entering strict repository configuration mode!
2023-04-08 17:58:59 INFO [org.springframework.data.repository.config.RepositoryConfigurationDelegate]: Bootstrapping Spring Data Redis repositories in DEFAULT mode.
2023-04-08 17:58:59 INFO [org.springframework.data.repository.config.RepositoryConfigurationDelegate]: Finished Spring Data repository scanning in 15 ms. Found 0 Redis repository interfaces.
2023-04-08 17:59:00 INFO [org.springframework.boot.web.embedded.tomcat.TomcatWebServer]: Tomcat initialized with port(s): 8888 (http)
2023-04-08 17:59:00 INFO [org.springframework.boot.web.servlet.context.ServletWebServerApplicationContext]: Root WebApplicationContext: initialization completed in 1556 ms
2023-04-08 17:59:01 INFO [org.springframework.boot.devtools.autoconfigure.OptionalLiveReloadServer]: LiveReload server is running on port 35729
2023-04-08 17:59:01 INFO [org.springframework.boot.web.embedded.tomcat.TomcatWebServer]: Tomcat started on port(s): 8888 (http) with context path ''
2023-04-08 17:59:01 INFO [com.example.yin.YinMusicApplication]: Started YinMusicApplication in 2.641 seconds (JVM running for 3.324)
2023-04-08 18:30:31 INFO [com.example.yin.YinMusicApplication]: Starting YinMusicApplication using Java 19.0.1 on DESKTOP-C59B60P with PID 22244 (C:\Users\94447\Desktop\music-website-master\music-server\target\classes started by 94447 in C:\Users\94447\Desktop\music-website-master)
2023-04-08 18:30:31 INFO [com.example.yin.YinMusicApplication]: The following profiles are active: dev
2023-04-08 18:30:31 INFO [org.springframework.boot.devtools.env.DevToolsPropertyDefaultsPostProcessor]: Devtools property defaults active! Set 'spring.devtools.add-properties' to 'false' to disable
2023-04-08 18:30:31 INFO [org.springframework.boot.devtools.env.DevToolsPropertyDefaultsPostProcessor]: For additional web related logging consider setting the 'logging.level.web' property to 'DEBUG'
2023-04-08 18:30:31 INFO [org.springframework.data.repository.config.RepositoryConfigurationDelegate]: Multiple Spring Data modules found, entering strict repository configuration mode!
2023-04-08 18:30:31 INFO [org.springframework.data.repository.config.RepositoryConfigurationDelegate]: Bootstrapping Spring Data Redis repositories in DEFAULT mode.
2023-04-08 18:30:31 INFO [org.springframework.data.repository.config.RepositoryConfigurationDelegate]: Finished Spring Data repository scanning in 16 ms. Found 0 Redis repository interfaces.
2023-04-08 18:30:32 INFO [org.springframework.boot.web.embedded.tomcat.TomcatWebServer]: Tomcat initialized with port(s): 8888 (http)
2023-04-08 18:30:32 INFO [org.springframework.boot.web.servlet.context.ServletWebServerApplicationContext]: Root WebApplicationContext: initialization completed in 1724 ms
2023-04-08 18:30:33 INFO [org.springframework.boot.devtools.autoconfigure.OptionalLiveReloadServer]: LiveReload server is running on port 35729
2023-04-08 18:30:33 INFO [org.springframework.boot.web.embedded.tomcat.TomcatWebServer]: Tomcat started on port(s): 8888 (http) with context path ''
2023-04-08 18:30:33 INFO [com.example.yin.YinMusicApplication]: Started YinMusicApplication in 2.848 seconds (JVM running for 3.731)
2023-04-08 19:20:55 INFO [com.example.yin.YinMusicApplication]: Starting YinMusicApplication using Java 19.0.1 on DESKTOP-C59B60P with PID 19548 (C:\Users\94447\Desktop\music-website-master\music-server\target\classes started by 94447 in C:\Users\94447\Desktop\music-website-master)
2023-04-08 19:20:55 INFO [com.example.yin.YinMusicApplication]: The following profiles are active: dev
2023-04-08 19:20:55 INFO [org.springframework.boot.devtools.env.DevToolsPropertyDefaultsPostProcessor]: Devtools property defaults active! Set 'spring.devtools.add-properties' to 'false' to disable
2023-04-08 19:20:55 INFO [org.springframework.boot.devtools.env.DevToolsPropertyDefaultsPostProcessor]: For additional web related logging consider setting the 'logging.level.web' property to 'DEBUG'
2023-04-08 19:20:56 INFO [org.springframework.data.repository.config.RepositoryConfigurationDelegate]: Multiple Spring Data modules found, entering strict repository configuration mode!
2023-04-08 19:20:56 INFO [org.springframework.data.repository.config.RepositoryConfigurationDelegate]: Bootstrapping Spring Data Redis repositories in DEFAULT mode.
2023-04-08 19:20:56 INFO [org.springframework.data.repository.config.RepositoryConfigurationDelegate]: Finished Spring Data repository scanning in 15 ms. Found 0 Redis repository interfaces.
2023-04-08 19:20:57 INFO [org.springframework.boot.web.embedded.tomcat.TomcatWebServer]: Tomcat initialized with port(s): 8888 (http)
2023-04-08 19:20:57 INFO [org.springframework.boot.web.servlet.context.ServletWebServerApplicationContext]: Root WebApplicationContext: initialization completed in 2510 ms
2023-04-08 19:20:58 INFO [org.springframework.boot.devtools.autoconfigure.OptionalLiveReloadServer]: LiveReload server is running on port 35729
2023-04-08 19:20:58 INFO [org.springframework.boot.web.embedded.tomcat.TomcatWebServer]: Tomcat started on port(s): 8888 (http) with context path ''
2023-04-08 19:20:58 INFO [com.example.yin.YinMusicApplication]: Started YinMusicApplication in 3.888 seconds (JVM running for 5.029)
2023-04-08 19:25:06 INFO [org.springframework.web.servlet.DispatcherServlet]: Initializing Servlet 'dispatcherServlet'
2023-04-08 19:25:06 INFO [org.springframework.web.servlet.DispatcherServlet]: Completed initialization in 0 ms
2023-04-08 19:25:06 INFO [com.zaxxer.hikari.HikariDataSource]: HikariPool-1 - Starting...
2023-04-08 19:25:07 INFO [com.zaxxer.hikari.HikariDataSource]: HikariPool-1 - Start completed.
