2023-04-12 00:01:42 INFO [org.springframework.web.servlet.DispatcherServlet]: Initializing Servlet 'dispatcherServlet'
2023-04-12 00:01:42 INFO [org.springframework.web.servlet.DispatcherServlet]: Completed initialization in 1 ms
2023-04-12 00:01:43 INFO [com.zaxxer.hikari.HikariDataSource]: HikariPool-1 - Starting...
2023-04-12 00:01:43 INFO [com.zaxxer.hikari.HikariDataSource]: HikariPool-1 - Start completed.
2023-04-12 00:04:21 WARN [org.springframework.web.servlet.mvc.support.DefaultHandlerExceptionResolver]: Resolved [org.springframework.web.bind.MissingServletRequestParameterException: Required request parameter 'consumerId' for method parameter type Long is present but converted to null]
2023-04-12 00:04:25 WARN [org.springframework.web.servlet.mvc.support.DefaultHandlerExceptionResolver]: Resolved [org.springframework.web.bind.MissingServletRequestParameterException: Required request parameter 'consumerId' for method parameter type Long is present but converted to null]
2023-04-12 00:04:27 WARN [org.springframework.web.servlet.mvc.support.DefaultHandlerExceptionResolver]: Resolved [org.springframework.web.bind.MissingServletRequestParameterException: Required request parameter 'consumerId' for method parameter type Long is present but converted to null]
2023-04-12 00:04:33 WARN [org.springframework.web.servlet.mvc.support.DefaultHandlerExceptionResolver]: Resolved [org.springframework.web.bind.MissingServletRequestParameterException: Required request parameter 'consumerId' for method parameter type Long is present but converted to null]
2023-04-12 00:09:24 WARN [org.springframework.web.servlet.mvc.support.DefaultHandlerExceptionResolver]: Resolved [org.springframework.web.bind.MissingServletRequestParameterException: Required request parameter 'consumerId' for method parameter type Long is present but converted to null]
2023-04-12 00:14:14 INFO [com.zaxxer.hikari.HikariDataSource]: HikariPool-1 - Shutdown initiated...
2023-04-12 00:14:14 INFO [com.zaxxer.hikari.HikariDataSource]: HikariPool-1 - Shutdown completed.
2023-04-12 00:14:23 INFO [com.example.yin.YinMusicApplication]: Starting YinMusicApplication using Java 19.0.1 on DESKTOP-C59B60P with PID 15268 (C:\Users\94447\Desktop\schord\music-server\target\classes started by 94447 in C:\Users\94447\Desktop\schord)
2023-04-12 00:14:24 INFO [com.example.yin.YinMusicApplication]: The following profiles are active: dev
2023-04-12 00:14:24 INFO [org.springframework.boot.devtools.env.DevToolsPropertyDefaultsPostProcessor]: Devtools property defaults active! Set 'spring.devtools.add-properties' to 'false' to disable
2023-04-12 00:14:24 INFO [org.springframework.boot.devtools.env.DevToolsPropertyDefaultsPostProcessor]: For additional web related logging consider setting the 'logging.level.web' property to 'DEBUG'
2023-04-12 00:14:25 INFO [org.springframework.data.repository.config.RepositoryConfigurationDelegate]: Multiple Spring Data modules found, entering strict repository configuration mode!
2023-04-12 00:14:25 INFO [org.springframework.data.repository.config.RepositoryConfigurationDelegate]: Bootstrapping Spring Data Redis repositories in DEFAULT mode.
2023-04-12 00:14:25 INFO [org.springframework.data.repository.config.RepositoryConfigurationDelegate]: Finished Spring Data repository scanning in 15 ms. Found 0 Redis repository interfaces.
2023-04-12 00:14:26 WARN [com.baomidou.mybatisplus.core.injector.AbstractMethod]: [com.example.yin.mapper.DiscussionMapper.insert] Has been loaded by XML or SqlProvider or Mybatis's Annotation, so ignoring this injection for [class com.baomidou.mybatisplus.core.injector.methods.Insert]
2023-04-12 00:14:26 INFO [org.springframework.boot.web.embedded.tomcat.TomcatWebServer]: Tomcat initialized with port(s): 8888 (http)
2023-04-12 00:14:26 INFO [org.springframework.boot.web.servlet.context.ServletWebServerApplicationContext]: Root WebApplicationContext: initialization completed in 2553 ms
2023-04-12 00:14:27 INFO [org.springframework.boot.devtools.autoconfigure.OptionalLiveReloadServer]: LiveReload server is running on port 35729
2023-04-12 00:14:27 INFO [org.springframework.boot.web.embedded.tomcat.TomcatWebServer]: Tomcat started on port(s): 8888 (http) with context path ''
2023-04-12 00:14:27 INFO [com.example.yin.YinMusicApplication]: Started YinMusicApplication in 4.041 seconds (JVM running for 5.324)
2023-04-12 00:14:58 INFO [org.springframework.web.servlet.DispatcherServlet]: Initializing Servlet 'dispatcherServlet'
2023-04-12 00:14:58 INFO [org.springframework.web.servlet.DispatcherServlet]: Completed initialization in 1 ms
2023-04-12 00:14:58 INFO [com.zaxxer.hikari.HikariDataSource]: HikariPool-1 - Starting...
2023-04-12 00:14:59 INFO [com.zaxxer.hikari.HikariDataSource]: HikariPool-1 - Start completed.
2023-04-12 00:17:52 WARN [org.springframework.web.servlet.mvc.support.DefaultHandlerExceptionResolver]: Resolved [org.springframework.web.bind.MissingServletRequestParameterException: Required request parameter 'consumerId' for method parameter type Long is present but converted to null]
2023-04-12 00:18:15 WARN [org.springframework.web.servlet.mvc.support.DefaultHandlerExceptionResolver]: Resolved [org.springframework.web.bind.MissingServletRequestParameterException: Required request parameter 'consumerId' for method parameter type Long is present but converted to null]
2023-04-12 00:57:47 WARN [org.springframework.web.servlet.mvc.support.DefaultHandlerExceptionResolver]: Resolved [org.springframework.web.bind.MissingServletRequestParameterException: Required request parameter 'consumerId' for method parameter type Long is present but converted to null]
2023-04-12 01:19:16 WARN [org.springframework.web.servlet.mvc.support.DefaultHandlerExceptionResolver]: Resolved [org.springframework.web.bind.MissingServletRequestParameterException: Required request parameter 'consumerId' for method parameter type Long is present but converted to null]
2023-04-12 01:19:30 WARN [org.springframework.web.servlet.mvc.support.DefaultHandlerExceptionResolver]: Resolved [org.springframework.web.bind.MissingServletRequestParameterException: Required request parameter 'consumerId' for method parameter type Long is present but converted to null]
2023-04-12 01:44:34 INFO [com.zaxxer.hikari.HikariDataSource]: HikariPool-1 - Shutdown initiated...
2023-04-12 01:44:34 INFO [com.zaxxer.hikari.HikariDataSource]: HikariPool-1 - Shutdown completed.
2023-04-12 01:44:41 INFO [com.example.yin.YinMusicApplication]: Starting YinMusicApplication using Java 19.0.1 on DESKTOP-C59B60P with PID 19580 (C:\Users\94447\Desktop\schord\music-server\target\classes started by 94447 in C:\Users\94447\Desktop\schord)
2023-04-12 01:44:41 INFO [com.example.yin.YinMusicApplication]: The following profiles are active: dev
2023-04-12 01:44:41 INFO [org.springframework.boot.devtools.env.DevToolsPropertyDefaultsPostProcessor]: Devtools property defaults active! Set 'spring.devtools.add-properties' to 'false' to disable
2023-04-12 01:44:41 INFO [org.springframework.boot.devtools.env.DevToolsPropertyDefaultsPostProcessor]: For additional web related logging consider setting the 'logging.level.web' property to 'DEBUG'
2023-04-12 01:44:42 INFO [org.springframework.data.repository.config.RepositoryConfigurationDelegate]: Multiple Spring Data modules found, entering strict repository configuration mode!
2023-04-12 01:44:42 INFO [org.springframework.data.repository.config.RepositoryConfigurationDelegate]: Bootstrapping Spring Data Redis repositories in DEFAULT mode.
2023-04-12 01:44:42 INFO [org.springframework.data.repository.config.RepositoryConfigurationDelegate]: Finished Spring Data repository scanning in 14 ms. Found 0 Redis repository interfaces.
2023-04-12 01:44:42 WARN [com.baomidou.mybatisplus.core.injector.AbstractMethod]: [com.example.yin.mapper.DiscussionMapper.insert] Has been loaded by XML or SqlProvider or Mybatis's Annotation, so ignoring this injection for [class com.baomidou.mybatisplus.core.injector.methods.Insert]
2023-04-12 01:44:43 INFO [org.springframework.boot.web.embedded.tomcat.TomcatWebServer]: Tomcat initialized with port(s): 8888 (http)
2023-04-12 01:44:43 INFO [org.springframework.boot.web.servlet.context.ServletWebServerApplicationContext]: Root WebApplicationContext: initialization completed in 1953 ms
2023-04-12 01:44:43 INFO [org.springframework.boot.devtools.autoconfigure.OptionalLiveReloadServer]: LiveReload server is running on port 35729
2023-04-12 01:44:44 INFO [org.springframework.boot.web.embedded.tomcat.TomcatWebServer]: Tomcat started on port(s): 8888 (http) with context path ''
2023-04-12 01:44:44 INFO [com.example.yin.YinMusicApplication]: Started YinMusicApplication in 3.267 seconds (JVM running for 4.156)
2023-04-12 01:44:47 INFO [org.springframework.web.servlet.DispatcherServlet]: Initializing Servlet 'dispatcherServlet'
2023-04-12 01:44:47 INFO [org.springframework.web.servlet.DispatcherServlet]: Completed initialization in 0 ms
2023-04-12 01:44:47 INFO [com.zaxxer.hikari.HikariDataSource]: HikariPool-1 - Starting...
2023-04-12 01:44:47 INFO [com.zaxxer.hikari.HikariDataSource]: HikariPool-1 - Start completed.
2023-04-12 01:59:05 WARN [org.springframework.web.servlet.mvc.support.DefaultHandlerExceptionResolver]: Resolved [org.springframework.web.bind.MissingServletRequestParameterException: Required request parameter 'songId' for method parameter type Integer is present but converted to null]
2023-04-12 01:59:11 WARN [org.springframework.web.servlet.mvc.support.DefaultHandlerExceptionResolver]: Resolved [org.springframework.web.bind.MissingServletRequestParameterException: Required request parameter 'songId' for method parameter type Integer is present but converted to null]
2023-04-12 01:59:21 WARN [org.springframework.web.servlet.mvc.support.DefaultHandlerExceptionResolver]: Resolved [org.springframework.web.bind.MissingServletRequestParameterException: Required request parameter 'songId' for method parameter type Integer is present but converted to null]
2023-04-12 01:59:30 WARN [org.springframework.web.servlet.mvc.support.DefaultHandlerExceptionResolver]: Resolved [org.springframework.web.bind.MissingServletRequestParameterException: Required request parameter 'songId' for method parameter type Integer is present but converted to null]
2023-04-12 02:08:48 WARN [org.springframework.web.servlet.mvc.support.DefaultHandlerExceptionResolver]: Resolved [org.springframework.web.bind.MissingServletRequestParameterException: Required request parameter 'songId' for method parameter type Integer is present but converted to null]
2023-04-12 02:08:53 WARN [org.springframework.web.servlet.mvc.support.DefaultHandlerExceptionResolver]: Resolved [org.springframework.web.bind.MissingServletRequestParameterException: Required request parameter 'songId' for method parameter type Integer is present but converted to null]
2023-04-12 02:09:05 WARN [org.springframework.web.servlet.mvc.support.DefaultHandlerExceptionResolver]: Resolved [org.springframework.web.bind.MissingServletRequestParameterException: Required request parameter 'songId' for method parameter type Integer is present but converted to null]
2023-04-12 02:10:21 WARN [org.springframework.web.servlet.mvc.support.DefaultHandlerExceptionResolver]: Resolved [org.springframework.web.bind.MissingServletRequestParameterException: Required request parameter 'songId' for method parameter type Integer is present but converted to null]
2023-04-12 02:10:24 WARN [org.springframework.web.servlet.mvc.support.DefaultHandlerExceptionResolver]: Resolved [org.springframework.web.bind.MissingServletRequestParameterException: Required request parameter 'songId' for method parameter type Integer is present but converted to null]
2023-04-12 02:10:46 WARN [org.springframework.web.servlet.mvc.support.DefaultHandlerExceptionResolver]: Resolved [org.springframework.web.bind.MissingServletRequestParameterException: Required request parameter 'songId' for method parameter type Integer is present but converted to null]
2023-04-12 02:10:55 WARN [org.springframework.web.servlet.mvc.support.DefaultHandlerExceptionResolver]: Resolved [org.springframework.web.bind.MissingServletRequestParameterException: Required request parameter 'songId' for method parameter type Integer is present but converted to null]
2023-04-12 02:11:42 WARN [org.springframework.web.servlet.mvc.support.DefaultHandlerExceptionResolver]: Resolved [org.springframework.web.bind.MissingServletRequestParameterException: Required request parameter 'songId' for method parameter type Integer is present but converted to null]
2023-04-12 13:36:49 INFO [com.example.yin.YinMusicApplication]: Starting YinMusicApplication using Java 19.0.1 on DESKTOP-C59B60P with PID 14720 (C:\Users\94447\Desktop\schord\music-server\target\classes started by 94447 in C:\Users\94447\Desktop\schord)
2023-04-12 13:36:49 INFO [com.example.yin.YinMusicApplication]: The following profiles are active: dev
2023-04-12 13:36:49 INFO [org.springframework.boot.devtools.env.DevToolsPropertyDefaultsPostProcessor]: Devtools property defaults active! Set 'spring.devtools.add-properties' to 'false' to disable
2023-04-12 13:36:49 INFO [org.springframework.boot.devtools.env.DevToolsPropertyDefaultsPostProcessor]: For additional web related logging consider setting the 'logging.level.web' property to 'DEBUG'
2023-04-12 13:36:50 INFO [org.springframework.data.repository.config.RepositoryConfigurationDelegate]: Multiple Spring Data modules found, entering strict repository configuration mode!
2023-04-12 13:36:50 INFO [org.springframework.data.repository.config.RepositoryConfigurationDelegate]: Bootstrapping Spring Data Redis repositories in DEFAULT mode.
2023-04-12 13:36:50 INFO [org.springframework.data.repository.config.RepositoryConfigurationDelegate]: Finished Spring Data repository scanning in 15 ms. Found 0 Redis repository interfaces.
2023-04-12 13:36:51 WARN [com.baomidou.mybatisplus.core.injector.AbstractMethod]: [com.example.yin.mapper.DiscussionMapper.insert] Has been loaded by XML or SqlProvider or Mybatis's Annotation, so ignoring this injection for [class com.baomidou.mybatisplus.core.injector.methods.Insert]
2023-04-12 13:36:51 INFO [org.springframework.boot.web.embedded.tomcat.TomcatWebServer]: Tomcat initialized with port(s): 8888 (http)
2023-04-12 13:36:51 INFO [org.springframework.boot.web.servlet.context.ServletWebServerApplicationContext]: Root WebApplicationContext: initialization completed in 2615 ms
2023-04-12 13:36:52 INFO [org.springframework.boot.devtools.autoconfigure.OptionalLiveReloadServer]: LiveReload server is running on port 35729
2023-04-12 13:36:52 INFO [org.springframework.boot.web.embedded.tomcat.TomcatWebServer]: Tomcat started on port(s): 8888 (http) with context path ''
2023-04-12 13:36:52 INFO [com.example.yin.YinMusicApplication]: Started YinMusicApplication in 3.861 seconds (JVM running for 7.593)
2023-04-12 13:46:32 INFO [org.springframework.web.servlet.DispatcherServlet]: Initializing Servlet 'dispatcherServlet'
2023-04-12 13:46:32 INFO [org.springframework.web.servlet.DispatcherServlet]: Completed initialization in 1 ms
2023-04-12 13:46:33 INFO [com.zaxxer.hikari.HikariDataSource]: HikariPool-1 - Starting...
2023-04-12 13:46:33 INFO [com.zaxxer.hikari.HikariDataSource]: HikariPool-1 - Start completed.
2023-04-12 16:38:28 WARN [org.springframework.web.servlet.mvc.support.DefaultHandlerExceptionResolver]: Resolved [org.springframework.web.bind.MissingServletRequestParameterException: Required request parameter 'songId' for method parameter type Integer is present but converted to null]
2023-04-12 16:38:33 WARN [org.springframework.web.servlet.mvc.support.DefaultHandlerExceptionResolver]: Resolved [org.springframework.web.bind.MissingServletRequestParameterException: Required request parameter 'songId' for method parameter type Integer is present but converted to null]
2023-04-12 16:38:51 WARN [org.springframework.web.servlet.mvc.support.DefaultHandlerExceptionResolver]: Resolved [org.springframework.web.bind.MissingServletRequestParameterException: Required request parameter 'songId' for method parameter type Integer is present but converted to null]
2023-04-12 16:39:06 WARN [org.springframework.web.servlet.mvc.support.DefaultHandlerExceptionResolver]: Resolved [org.springframework.web.bind.MissingServletRequestParameterException: Required request parameter 'songId' for method parameter type Integer is present but converted to null]
2023-04-12 16:43:08 WARN [org.springframework.web.servlet.mvc.support.DefaultHandlerExceptionResolver]: Resolved [org.springframework.web.bind.MissingServletRequestParameterException: Required request parameter 'songId' for method parameter type Integer is present but converted to null]
2023-04-12 16:46:55 WARN [org.springframework.web.servlet.mvc.support.DefaultHandlerExceptionResolver]: Resolved [org.springframework.web.bind.MissingServletRequestParameterException: Required request parameter 'songId' for method parameter type Integer is present but converted to null]
2023-04-12 16:46:55 WARN [org.springframework.web.servlet.mvc.support.DefaultHandlerExceptionResolver]: Resolved [org.springframework.web.bind.MissingServletRequestParameterException: Required request parameter 'songId' for method parameter type Integer is present but converted to null]
2023-04-12 16:46:55 WARN [org.springframework.web.servlet.mvc.support.DefaultHandlerExceptionResolver]: Resolved [org.springframework.web.bind.MissingServletRequestParameterException: Required request parameter 'songId' for method parameter type Integer is present but converted to null]
2023-04-12 16:46:58 WARN [org.springframework.web.servlet.mvc.support.DefaultHandlerExceptionResolver]: Resolved [org.springframework.web.bind.MissingServletRequestParameterException: Required request parameter 'songId' for method parameter type Integer is present but converted to null]
2023-04-12 16:47:02 WARN [org.springframework.web.servlet.mvc.support.DefaultHandlerExceptionResolver]: Resolved [org.springframework.web.bind.MissingServletRequestParameterException: Required request parameter 'songId' for method parameter type Integer is present but converted to null]
2023-04-12 16:47:04 WARN [org.springframework.web.servlet.mvc.support.DefaultHandlerExceptionResolver]: Resolved [org.springframework.web.bind.MissingServletRequestParameterException: Required request parameter 'songId' for method parameter type Integer is present but converted to null]
2023-04-12 16:51:02 WARN [org.springframework.web.servlet.mvc.support.DefaultHandlerExceptionResolver]: Resolved [org.springframework.web.bind.MissingServletRequestParameterException: Required request parameter 'songId' for method parameter type Integer is present but converted to null]
2023-04-12 16:51:07 WARN [org.springframework.web.servlet.mvc.support.DefaultHandlerExceptionResolver]: Resolved [org.springframework.web.bind.MissingServletRequestParameterException: Required request parameter 'songId' for method parameter type Integer is present but converted to null]
2023-04-12 16:51:09 WARN [org.springframework.web.servlet.mvc.support.DefaultHandlerExceptionResolver]: Resolved [org.springframework.web.bind.MissingServletRequestParameterException: Required request parameter 'songId' for method parameter type Integer is present but converted to null]
2023-04-12 16:51:32 WARN [org.springframework.web.servlet.mvc.support.DefaultHandlerExceptionResolver]: Resolved [org.springframework.web.bind.MissingServletRequestParameterException: Required request parameter 'songId' for method parameter type Integer is present but converted to null]
2023-04-12 16:52:08 WARN [org.springframework.web.servlet.mvc.support.DefaultHandlerExceptionResolver]: Resolved [org.springframework.web.bind.MissingServletRequestParameterException: Required request parameter 'songId' for method parameter type Integer is present but converted to null]
2023-04-12 16:53:50 WARN [org.springframework.web.servlet.mvc.support.DefaultHandlerExceptionResolver]: Resolved [org.springframework.web.bind.MissingServletRequestParameterException: Required request parameter 'songId' for method parameter type Integer is present but converted to null]
2023-04-12 16:54:01 WARN [org.springframework.web.servlet.mvc.support.DefaultHandlerExceptionResolver]: Resolved [org.springframework.web.bind.MissingServletRequestParameterException: Required request parameter 'songId' for method parameter type Integer is present but converted to null]
2023-04-12 16:55:44 WARN [org.springframework.web.servlet.mvc.support.DefaultHandlerExceptionResolver]: Resolved [org.springframework.web.bind.MissingServletRequestParameterException: Required request parameter 'songId' for method parameter type Integer is present but converted to null]
2023-04-12 17:00:13 WARN [org.springframework.web.servlet.mvc.support.DefaultHandlerExceptionResolver]: Resolved [org.springframework.web.bind.MissingServletRequestParameterException: Required request parameter 'songId' for method parameter type Integer is present but converted to null]
2023-04-12 17:00:17 WARN [org.springframework.web.servlet.mvc.support.DefaultHandlerExceptionResolver]: Resolved [org.springframework.web.bind.MissingServletRequestParameterException: Required request parameter 'songId' for method parameter type Integer is present but converted to null]
2023-04-12 17:00:24 WARN [org.springframework.web.servlet.mvc.support.DefaultHandlerExceptionResolver]: Resolved [org.springframework.web.bind.MissingServletRequestParameterException: Required request parameter 'songId' for method parameter type Integer is present but converted to null]
2023-04-12 17:02:25 WARN [org.springframework.web.servlet.mvc.support.DefaultHandlerExceptionResolver]: Resolved [org.springframework.web.bind.MissingServletRequestParameterException: Required request parameter 'songId' for method parameter type Integer is present but converted to null]
2023-04-12 17:06:55 WARN [org.springframework.web.servlet.mvc.support.DefaultHandlerExceptionResolver]: Resolved [org.springframework.web.bind.MissingServletRequestParameterException: Required request parameter 'songId' for method parameter type Integer is present but converted to null]
2023-04-12 17:06:58 WARN [org.springframework.web.servlet.mvc.support.DefaultHandlerExceptionResolver]: Resolved [org.springframework.web.bind.MissingServletRequestParameterException: Required request parameter 'songId' for method parameter type Integer is present but converted to null]
2023-04-12 17:06:59 WARN [org.springframework.web.servlet.mvc.support.DefaultHandlerExceptionResolver]: Resolved [org.springframework.web.bind.MissingServletRequestParameterException: Required request parameter 'songId' for method parameter type Integer is present but converted to null]
2023-04-12 17:07:36 WARN [org.springframework.web.servlet.mvc.support.DefaultHandlerExceptionResolver]: Resolved [org.springframework.web.bind.MissingServletRequestParameterException: Required request parameter 'songId' for method parameter type Integer is present but converted to null]
2023-04-12 17:13:39 WARN [org.springframework.web.servlet.mvc.support.DefaultHandlerExceptionResolver]: Resolved [org.springframework.web.bind.MissingServletRequestParameterException: Required request parameter 'songId' for method parameter type Integer is present but converted to null]
2023-04-12 17:15:45 WARN [org.springframework.web.servlet.mvc.support.DefaultHandlerExceptionResolver]: Resolved [org.springframework.web.bind.MissingServletRequestParameterException: Required request parameter 'songId' for method parameter type Integer is present but converted to null]
2023-04-12 17:15:47 WARN [org.springframework.web.servlet.mvc.support.DefaultHandlerExceptionResolver]: Resolved [org.springframework.web.bind.MissingServletRequestParameterException: Required request parameter 'songId' for method parameter type Integer is present but converted to null]
2023-04-12 17:17:03 WARN [org.springframework.web.servlet.mvc.support.DefaultHandlerExceptionResolver]: Resolved [org.springframework.web.bind.MissingServletRequestParameterException: Required request parameter 'songId' for method parameter type Integer is present but converted to null]
2023-04-12 17:17:05 WARN [org.springframework.web.servlet.mvc.support.DefaultHandlerExceptionResolver]: Resolved [org.springframework.web.bind.MissingServletRequestParameterException: Required request parameter 'songId' for method parameter type Integer is present but converted to null]
2023-04-12 17:26:55 WARN [org.springframework.web.servlet.mvc.support.DefaultHandlerExceptionResolver]: Resolved [org.springframework.web.bind.MissingServletRequestParameterException: Required request parameter 'songId' for method parameter type Integer is present but converted to null]
2023-04-12 17:27:52 WARN [org.springframework.web.servlet.mvc.support.DefaultHandlerExceptionResolver]: Resolved [org.springframework.web.bind.MissingServletRequestParameterException: Required request parameter 'songId' for method parameter type Integer is present but converted to null]
2023-04-12 17:28:05 WARN [org.springframework.web.servlet.mvc.support.DefaultHandlerExceptionResolver]: Resolved [org.springframework.web.bind.MissingServletRequestParameterException: Required request parameter 'songId' for method parameter type Integer is present but converted to null]
2023-04-12 17:28:09 WARN [org.springframework.web.servlet.mvc.support.DefaultHandlerExceptionResolver]: Resolved [org.springframework.web.bind.MissingServletRequestParameterException: Required request parameter 'songId' for method parameter type Integer is present but converted to null]
2023-04-12 17:28:11 WARN [org.springframework.web.servlet.mvc.support.DefaultHandlerExceptionResolver]: Resolved [org.springframework.web.bind.MissingServletRequestParameterException: Required request parameter 'songId' for method parameter type Integer is present but converted to null]
2023-04-12 17:28:20 WARN [org.springframework.web.servlet.mvc.support.DefaultHandlerExceptionResolver]: Resolved [org.springframework.web.bind.MissingServletRequestParameterException: Required request parameter 'songId' for method parameter type Integer is present but converted to null]
2023-04-12 17:28:23 WARN [org.springframework.web.servlet.mvc.support.DefaultHandlerExceptionResolver]: Resolved [org.springframework.web.bind.MissingServletRequestParameterException: Required request parameter 'songId' for method parameter type Integer is present but converted to null]
2023-04-12 17:28:26 WARN [org.springframework.web.servlet.mvc.support.DefaultHandlerExceptionResolver]: Resolved [org.springframework.web.bind.MissingServletRequestParameterException: Required request parameter 'songId' for method parameter type Integer is present but converted to null]
2023-04-12 17:31:57 WARN [org.springframework.web.servlet.mvc.support.DefaultHandlerExceptionResolver]: Resolved [org.springframework.web.bind.MissingServletRequestParameterException: Required request parameter 'songId' for method parameter type Integer is present but converted to null]
2023-04-12 17:32:01 WARN [org.springframework.web.servlet.mvc.support.DefaultHandlerExceptionResolver]: Resolved [org.springframework.web.bind.MissingServletRequestParameterException: Required request parameter 'songId' for method parameter type Integer is present but converted to null]
2023-04-12 17:32:04 WARN [org.springframework.web.servlet.mvc.support.DefaultHandlerExceptionResolver]: Resolved [org.springframework.web.bind.MissingServletRequestParameterException: Required request parameter 'songId' for method parameter type Integer is present but converted to null]
2023-04-12 17:32:15 WARN [org.springframework.web.servlet.mvc.support.DefaultHandlerExceptionResolver]: Resolved [org.springframework.web.bind.MissingServletRequestParameterException: Required request parameter 'songId' for method parameter type Integer is present but converted to null]
2023-04-12 17:38:15 WARN [org.springframework.web.servlet.mvc.support.DefaultHandlerExceptionResolver]: Resolved [org.springframework.web.bind.MissingServletRequestParameterException: Required request parameter 'songId' for method parameter type Integer is present but converted to null]
2023-04-12 17:38:33 WARN [org.springframework.web.servlet.mvc.support.DefaultHandlerExceptionResolver]: Resolved [org.springframework.web.bind.MissingServletRequestParameterException: Required request parameter 'songId' for method parameter type Integer is present but converted to null]
